08-May-2026 17:33:55.575 INFO [main] org.apache.catalina.startup.VersionLoggerListener.log Server version name:   Apache Tomcat/10.1.18
08-May-2026 17:33:55.579 INFO [main] org.apache.catalina.startup.VersionLoggerListener.log Server built:          Jan 5 2024 14:39:40 UTC
08-May-2026 17:33:55.584 INFO [main] org.apache.catalina.startup.VersionLoggerListener.log Server version number: 10.1.18.0
08-May-2026 17:33:55.584 INFO [main] org.apache.catalina.startup.VersionLoggerListener.log OS Name:               Linux
08-May-2026 17:33:55.584 INFO [main] org.apache.catalina.startup.VersionLoggerListener.log OS Version:            6.8.0-1044-azure
08-May-2026 17:33:55.584 INFO [main] org.apache.catalina.startup.VersionLoggerListener.log Architecture:          amd64
08-May-2026 17:33:55.588 INFO [main] org.apache.catalina.startup.VersionLoggerListener.log Java Home:             /usr/local/sdkman/candidates/java/25.0.2-ms
08-May-2026 17:33:55.589 INFO [main] org.apache.catalina.startup.VersionLoggerListener.log JVM Version:           25.0.2+10-LTS
08-May-2026 17:33:55.590 INFO [main] org.apache.catalina.startup.VersionLoggerListener.log JVM Vendor:            Microsoft
08-May-2026 17:33:55.593 INFO [main] org.apache.catalina.startup.VersionLoggerListener.log CATALINA_BASE:         /workspaces/BookStore_Application/apache-tomcat-10.1.18
08-May-2026 17:33:55.594 INFO [main] org.apache.catalina.startup.VersionLoggerListener.log CATALINA_HOME:         /workspaces/BookStore_Application/apache-tomcat-10.1.18
08-May-2026 17:33:55.708 INFO [main] org.apache.catalina.startup.VersionLoggerListener.log Command line argument: -Djava.util.logging.config.file=/workspaces/BookStore_Application/apache-tomcat-10.1.18/conf/logging.properties
08-May-2026 17:33:55.710 INFO [main] org.apache.catalina.startup.VersionLoggerListener.log Command line argument: -Djava.util.logging.manager=org.apache.juli.ClassLoaderLogManager
08-May-2026 17:33:55.717 INFO [main] org.apache.catalina.startup.VersionLoggerListener.log Command line argument: -Djdk.tls.ephemeralDHKeySize=2048
08-May-2026 17:33:55.717 INFO [main] org.apache.catalina.startup.VersionLoggerListener.log Command line argument: -Djava.protocol.handler.pkgs=org.apache.catalina.webresources
08-May-2026 17:33:55.717 INFO [main] org.apache.catalina.startup.VersionLoggerListener.log Command line argument: -Dorg.apache.catalina.security.SecurityListener.UMASK=0027
08-May-2026 17:33:55.717 INFO [main] org.apache.catalina.startup.VersionLoggerListener.log Command line argument: --add-opens=java.base/java.lang=ALL-UNNAMED
08-May-2026 17:33:55.717 INFO [main] org.apache.catalina.startup.VersionLoggerListener.log Command line argument: --add-opens=java.base/java.io=ALL-UNNAMED
08-May-2026 17:33:55.717 INFO [main] org.apache.catalina.startup.VersionLoggerListener.log Command line argument: --add-opens=java.base/java.util=ALL-UNNAMED
08-May-2026 17:33:55.717 INFO [main] org.apache.catalina.startup.VersionLoggerListener.log Command line argument: --add-opens=java.base/java.util.concurrent=ALL-UNNAMED
08-May-2026 17:33:55.717 INFO [main] org.apache.catalina.startup.VersionLoggerListener.log Command line argument: --add-opens=java.rmi/sun.rmi.transport=ALL-UNNAMED
08-May-2026 17:33:55.717 INFO [main] org.apache.catalina.startup.VersionLoggerListener.log Command line argument: -Dcatalina.base=/workspaces/BookStore_Application/apache-tomcat-10.1.18
08-May-2026 17:33:55.724 INFO [main] org.apache.catalina.startup.VersionLoggerListener.log Command line argument: -Dcatalina.home=/workspaces/BookStore_Application/apache-tomcat-10.1.18
08-May-2026 17:33:55.724 INFO [main] org.apache.catalina.startup.VersionLoggerListener.log Command line argument: -Djava.io.tmpdir=/workspaces/BookStore_Application/apache-tomcat-10.1.18/temp
08-May-2026 17:33:55.734 INFO [main] org.apache.catalina.core.AprLifecycleListener.lifecycleEvent The Apache Tomcat Native library which allows using OpenSSL was not found on the java.library.path: [/usr/java/packages/lib:/usr/lib64:/lib64:/lib:/usr/lib]
08-May-2026 17:33:56.612 INFO [main] org.apache.coyote.AbstractProtocol.init Initializing ProtocolHandler ["http-nio-8080"]
08-May-2026 17:33:56.799 INFO [main] org.apache.catalina.startup.Catalina.load Server initialization in [2131] milliseconds
08-May-2026 17:33:56.855 INFO [main] org.apache.catalina.core.StandardService.startInternal Starting service [Catalina]
08-May-2026 17:33:56.856 INFO [main] org.apache.catalina.core.StandardEngine.startInternal Starting Servlet engine: [Apache Tomcat/10.1.18]
08-May-2026 17:33:56.868 INFO [main] org.apache.catalina.startup.HostConfig.deployDirectory Deploying web application directory [/workspaces/BookStore_Application/apache-tomcat-10.1.18/webapps/ROOT]
08-May-2026 17:33:57.695 INFO [main] org.apache.catalina.startup.HostConfig.deployDirectory Deployment of web application directory [/workspaces/BookStore_Application/apache-tomcat-10.1.18/webapps/ROOT] has finished in [823] ms
08-May-2026 17:33:57.696 INFO [main] org.apache.catalina.startup.HostConfig.deployDirectory Deploying web application directory [/workspaces/BookStore_Application/apache-tomcat-10.1.18/webapps/host-manager]
08-May-2026 17:33:57.754 INFO [main] org.apache.catalina.startup.HostConfig.deployDirectory Deployment of web application directory [/workspaces/BookStore_Application/apache-tomcat-10.1.18/webapps/host-manager] has finished in [58] ms
08-May-2026 17:33:57.755 INFO [main] org.apache.catalina.startup.HostConfig.deployDirectory Deploying web application directory [/workspaces/BookStore_Application/apache-tomcat-10.1.18/webapps/examples]
08-May-2026 17:33:58.260 INFO [main] org.apache.catalina.startup.HostConfig.deployDirectory Deployment of web application directory [/workspaces/BookStore_Application/apache-tomcat-10.1.18/webapps/examples] has finished in [505] ms
08-May-2026 17:33:58.264 INFO [main] org.apache.catalina.startup.HostConfig.deployDirectory Deploying web application directory [/workspaces/BookStore_Application/apache-tomcat-10.1.18/webapps/BookApp]
08-May-2026 17:33:58.622 INFO [main] org.apache.jasper.servlet.TldScanner.scanJars At least one JAR was scanned for TLDs yet contained no TLDs. Enable debug logging for this logger for a complete list of JARs that were scanned but no TLDs were found in them. Skipping unneeded JARs during scanning can improve startup time and JSP compilation time.
08-May-2026 17:33:58.632 INFO [main] org.apache.catalina.startup.HostConfig.deployDirectory Deployment of web application directory [/workspaces/BookStore_Application/apache-tomcat-10.1.18/webapps/BookApp] has finished in [368] ms
08-May-2026 17:33:58.633 INFO [main] org.apache.catalina.startup.HostConfig.deployDirectory Deploying web application directory [/workspaces/BookStore_Application/apache-tomcat-10.1.18/webapps/docs]
08-May-2026 17:33:58.651 INFO [main] org.apache.catalina.startup.HostConfig.deployDirectory Deployment of web application directory [/workspaces/BookStore_Application/apache-tomcat-10.1.18/webapps/docs] has finished in [18] ms
08-May-2026 17:33:58.651 INFO [main] org.apache.catalina.startup.HostConfig.deployDirectory Deploying web application directory [/workspaces/BookStore_Application/apache-tomcat-10.1.18/webapps/manager]
08-May-2026 17:33:58.683 INFO [main] org.apache.catalina.startup.HostConfig.deployDirectory Deployment of web application directory [/workspaces/BookStore_Application/apache-tomcat-10.1.18/webapps/manager] has finished in [32] ms
08-May-2026 17:33:58.687 INFO [main] org.apache.coyote.AbstractProtocol.start Starting ProtocolHandler ["http-nio-8080"]
08-May-2026 17:33:58.702 INFO [main] org.apache.catalina.startup.Catalina.start Server startup in [1901] milliseconds
08-May-2026 17:36:41.210 INFO [main] org.apache.catalina.core.StandardServer.await A valid shutdown command was received via the shutdown port. Stopping the Server instance.
08-May-2026 17:36:41.211 INFO [main] org.apache.coyote.AbstractProtocol.pause Pausing ProtocolHandler ["http-nio-8080"]
08-May-2026 17:36:41.216 INFO [main] org.apache.catalina.core.StandardService.stopInternal Stopping service [Catalina]
08-May-2026 17:36:41.234 WARNING [main] org.apache.catalina.loader.WebappClassLoaderBase.clearReferencesJdbc The web application [BookApp] registered the JDBC driver [org.postgresql.Driver] but failed to unregister it when the web application was stopped. To prevent a memory leak, the JDBC Driver has been forcibly unregistered.
08-May-2026 17:36:41.262 INFO [main] org.apache.coyote.AbstractProtocol.stop Stopping ProtocolHandler ["http-nio-8080"]
08-May-2026 17:36:41.273 INFO [main] org.apache.coyote.AbstractProtocol.destroy Destroying ProtocolHandler ["http-nio-8080"]
08-May-2026 17:37:39.340 INFO [main] org.apache.catalina.startup.VersionLoggerListener.log Server version name:   Apache Tomcat/10.1.18
08-May-2026 17:37:39.348 INFO [main] org.apache.catalina.startup.VersionLoggerListener.log Server built:          Jan 5 2024 14:39:40 UTC
08-May-2026 17:37:39.351 INFO [main] org.apache.catalina.startup.VersionLoggerListener.log Server version number: 10.1.18.0
08-May-2026 17:37:39.351 INFO [main] org.apache.catalina.startup.VersionLoggerListener.log OS Name:               Linux
08-May-2026 17:37:39.351 INFO [main] org.apache.catalina.startup.VersionLoggerListener.log OS Version:            6.8.0-1044-azure
08-May-2026 17:37:39.351 INFO [main] org.apache.catalina.startup.VersionLoggerListener.log Architecture:          amd64
08-May-2026 17:37:39.351 INFO [main] org.apache.catalina.startup.VersionLoggerListener.log Java Home:             /usr/local/sdkman/candidates/java/25.0.2-ms
08-May-2026 17:37:39.351 INFO [main] org.apache.catalina.startup.VersionLoggerListener.log JVM Version:           25.0.2+10-LTS
08-May-2026 17:37:39.352 INFO [main] org.apache.catalina.startup.VersionLoggerListener.log JVM Vendor:            Microsoft
08-May-2026 17:37:39.352 INFO [main] org.apache.catalina.startup.VersionLoggerListener.log CATALINA_BASE:         /workspaces/BookStore_Application/apache-tomcat-10.1.18
08-May-2026 17:37:39.352 INFO [main] org.apache.catalina.startup.VersionLoggerListener.log CATALINA_HOME:         /workspaces/BookStore_Application/apache-tomcat-10.1.18
08-May-2026 17:37:39.363 INFO [main] org.apache.catalina.startup.VersionLoggerListener.log Command line argument: -Djava.util.logging.config.file=/workspaces/BookStore_Application/apache-tomcat-10.1.18/conf/logging.properties
08-May-2026 17:37:39.364 INFO [main] org.apache.catalina.startup.VersionLoggerListener.log Command line argument: -Djava.util.logging.manager=org.apache.juli.ClassLoaderLogManager
08-May-2026 17:37:39.364 INFO [main] org.apache.catalina.startup.VersionLoggerListener.log Command line argument: -Djdk.tls.ephemeralDHKeySize=2048
08-May-2026 17:37:39.364 INFO [main] org.apache.catalina.startup.VersionLoggerListener.log Command line argument: -Djava.protocol.handler.pkgs=org.apache.catalina.webresources
08-May-2026 17:37:39.364 INFO [main] org.apache.catalina.startup.VersionLoggerListener.log Command line argument: -Dorg.apache.catalina.security.SecurityListener.UMASK=0027
08-May-2026 17:37:39.364 INFO [main] org.apache.catalina.startup.VersionLoggerListener.log Command line argument: --add-opens=java.base/java.lang=ALL-UNNAMED
08-May-2026 17:37:39.364 INFO [main] org.apache.catalina.startup.VersionLoggerListener.log Command line argument: --add-opens=java.base/java.io=ALL-UNNAMED
08-May-2026 17:37:39.364 INFO [main] org.apache.catalina.startup.VersionLoggerListener.log Command line argument: --add-opens=java.base/java.util=ALL-UNNAMED
08-May-2026 17:37:39.364 INFO [main] org.apache.catalina.startup.VersionLoggerListener.log Command line argument: --add-opens=java.base/java.util.concurrent=ALL-UNNAMED
08-May-2026 17:37:39.367 INFO [main] org.apache.catalina.startup.VersionLoggerListener.log Command line argument: --add-opens=java.rmi/sun.rmi.transport=ALL-UNNAMED
08-May-2026 17:37:39.367 INFO [main] org.apache.catalina.startup.VersionLoggerListener.log Command line argument: -Dcatalina.base=/workspaces/BookStore_Application/apache-tomcat-10.1.18
08-May-2026 17:37:39.367 INFO [main] org.apache.catalina.startup.VersionLoggerListener.log Command line argument: -Dcatalina.home=/workspaces/BookStore_Application/apache-tomcat-10.1.18
08-May-2026 17:37:39.367 INFO [main] org.apache.catalina.startup.VersionLoggerListener.log Command line argument: -Djava.io.tmpdir=/workspaces/BookStore_Application/apache-tomcat-10.1.18/temp
08-May-2026 17:37:39.372 INFO [main] org.apache.catalina.core.AprLifecycleListener.lifecycleEvent The Apache Tomcat Native library which allows using OpenSSL was not found on the java.library.path: [/usr/java/packages/lib:/usr/lib64:/lib64:/lib:/usr/lib]
08-May-2026 17:37:39.855 INFO [main] org.apache.coyote.AbstractProtocol.init Initializing ProtocolHandler ["http-nio-8080"]
08-May-2026 17:37:39.881 INFO [main] org.apache.catalina.startup.Catalina.load Server initialization in [770] milliseconds
08-May-2026 17:37:39.939 INFO [main] org.apache.catalina.core.StandardService.startInternal Starting service [Catalina]
08-May-2026 17:37:39.939 INFO [main] org.apache.catalina.core.StandardEngine.startInternal Starting Servlet engine: [Apache Tomcat/10.1.18]
08-May-2026 17:37:39.951 INFO [main] org.apache.catalina.startup.HostConfig.deployDirectory Deploying web application directory [/workspaces/BookStore_Application/apache-tomcat-10.1.18/webapps/ROOT]
08-May-2026 17:37:40.308 INFO [main] org.apache.catalina.startup.HostConfig.deployDirectory Deployment of web application directory [/workspaces/BookStore_Application/apache-tomcat-10.1.18/webapps/ROOT] has finished in [355] ms
08-May-2026 17:37:40.309 INFO [main] org.apache.catalina.startup.HostConfig.deployDirectory Deploying web application directory [/workspaces/BookStore_Application/apache-tomcat-10.1.18/webapps/host-manager]
08-May-2026 17:37:40.349 INFO [main] org.apache.catalina.startup.HostConfig.deployDirectory Deployment of web application directory [/workspaces/BookStore_Application/apache-tomcat-10.1.18/webapps/host-manager] has finished in [40] ms
08-May-2026 17:37:40.351 INFO [main] org.apache.catalina.startup.HostConfig.deployDirectory Deploying web application directory [/workspaces/BookStore_Application/apache-tomcat-10.1.18/webapps/examples]
08-May-2026 17:37:40.723 INFO [main] org.apache.catalina.startup.HostConfig.deployDirectory Deployment of web application directory [/workspaces/BookStore_Application/apache-tomcat-10.1.18/webapps/examples] has finished in [371] ms
08-May-2026 17:37:40.723 INFO [main] org.apache.catalina.startup.HostConfig.deployDirectory Deploying web application directory [/workspaces/BookStore_Application/apache-tomcat-10.1.18/webapps/BookApp]
08-May-2026 17:37:40.962 INFO [main] org.apache.jasper.servlet.TldScanner.scanJars At least one JAR was scanned for TLDs yet contained no TLDs. Enable debug logging for this logger for a complete list of JARs that were scanned but no TLDs were found in them. Skipping unneeded JARs during scanning can improve startup time and JSP compilation time.
08-May-2026 17:37:40.995 INFO [main] org.apache.catalina.startup.HostConfig.deployDirectory Deployment of web application directory [/workspaces/BookStore_Application/apache-tomcat-10.1.18/webapps/BookApp] has finished in [272] ms
08-May-2026 17:37:41.001 INFO [main] org.apache.catalina.startup.HostConfig.deployDirectory Deploying web application directory [/workspaces/BookStore_Application/apache-tomcat-10.1.18/webapps/docs]
08-May-2026 17:37:41.059 INFO [main] org.apache.catalina.startup.HostConfig.deployDirectory Deployment of web application directory [/workspaces/BookStore_Application/apache-tomcat-10.1.18/webapps/docs] has finished in [58] ms
08-May-2026 17:37:41.062 INFO [main] org.apache.catalina.startup.HostConfig.deployDirectory Deploying web application directory [/workspaces/BookStore_Application/apache-tomcat-10.1.18/webapps/manager]
08-May-2026 17:37:41.102 INFO [main] org.apache.catalina.startup.HostConfig.deployDirectory Deployment of web application directory [/workspaces/BookStore_Application/apache-tomcat-10.1.18/webapps/manager] has finished in [40] ms
08-May-2026 17:37:41.109 INFO [main] org.apache.coyote.AbstractProtocol.start Starting ProtocolHandler ["http-nio-8080"]
08-May-2026 17:37:41.121 INFO [main] org.apache.catalina.startup.Catalina.start Server startup in [1235] milliseconds
08-May-2026 17:38:30.997 INFO [main] org.apache.catalina.core.StandardServer.await A valid shutdown command was received via the shutdown port. Stopping the Server instance.
08-May-2026 17:38:30.998 INFO [main] org.apache.coyote.AbstractProtocol.pause Pausing ProtocolHandler ["http-nio-8080"]
08-May-2026 17:38:31.002 INFO [main] org.apache.catalina.core.StandardService.stopInternal Stopping service [Catalina]
08-May-2026 17:38:31.015 WARNING [main] org.apache.catalina.loader.WebappClassLoaderBase.clearReferencesJdbc The web application [BookApp] registered the JDBC driver [org.postgresql.Driver] but failed to unregister it when the web application was stopped. To prevent a memory leak, the JDBC Driver has been forcibly unregistered.
08-May-2026 17:38:31.032 INFO [main] org.apache.coyote.AbstractProtocol.stop Stopping ProtocolHandler ["http-nio-8080"]
08-May-2026 17:38:31.051 INFO [main] org.apache.coyote.AbstractProtocol.destroy Destroying ProtocolHandler ["http-nio-8080"]
